<html>
<head>
<title>TestNG:  Default test</title>
<link href="../testng.css" rel="stylesheet" type="text/css" />
<link href="../my-testng.css" rel="stylesheet" type="text/css" />

<style type="text/css">
.log { display: none;} 
.stack-trace { display: none;} 
</style>
<script type="text/javascript">
<!--
function flip(e) {
  current = e.style.display;
  if (current == 'block') {
    e.style.display = 'none';
    return 0;
  }
  else {
    e.style.display = 'block';
    return 1;
  }
}

function toggleBox(szDivId, elem, msg1, msg2)
{
  var res = -1;  if (document.getElementById) {
    res = flip(document.getElementById(szDivId));
  }
  else if (document.all) {
    // this is the way old msie versions work
    res = flip(document.all[szDivId]);
  }
  if(elem) {
    if(res == 0) elem.innerHTML = msg1; else elem.innerHTML = msg2;
  }

}

function toggleAllBoxes() {
  if (document.getElementsByTagName) {
    d = document.getElementsByTagName('div');
    for (i = 0; i < d.length; i++) {
      if (d[i].className == 'log') {
        flip(d[i]);
      }
    }
  }
}

// -->
</script>

</head>
<body>
<h2 align='center'>Default test</h2><table border='1' align="center">
<tr>
<td>Tests passed/Failed/Skipped:</td><td>28/0/0</td>
</tr><tr>
<td>Started on:</td><td>Tue Oct 10 09:11:23 MSK 2017</td>
</tr>
<tr><td>Total time:</td><td>0 seconds (136 ms)</td>
</tr><tr>
<td>Included groups:</td><td></td>
</tr><tr>
<td>Excluded groups:</td><td></td>
</tr>
</table><p/>
<small><i>(Hover the method name to see the test class name)</i></small><p/>
<table width='100%' border='1' class='invocation-passed'>
<tr><td colspan='4' align='center'><b>PASSED TESTS</b></td></tr>
<tr><td><b>Test method</b></td>
<td width="30%"><b>Exception</b></td>
<td width="10%"><b>Time (seconds)</b></td>
<td><b>Instance</b></td>
</tr>
<tr>
<td title='testTask.Laba1Test.IncorrectInputTest()'><b>IncorrectInputTest</b><br>Test class: testTask.Laba1Test<br>Parameters: 2100</td>
<td><div><pre>java.lang.AssertionError: Incorrect input!
	at task.Laba1.while16(Laba1.java:107)
	at testTask.Laba1Test.IncorrectInputTest(Laba1Test.java:129)
	at sun.reflect.NativeMethodAccessorImpl.invoke0(Native Method)
	at sun.reflect.NativeMethodAccessorImpl.invoke(Unknown Source)
	at sun.reflect.DelegatingMethodAccessorImpl.invoke(Unknown Source)
	at java.lang.reflect.Method.invoke(Unknown Source)
	at org.testng.internal.MethodInvocationHelper.invokeMethod(MethodInvocationHelper.java:108)
	at org.testng.internal.Invoker.invokeMethod(Invoker.java:669)
	at org.testng.internal.Invoker.invokeTestMethod(Invoker.java:877)
	at org.testng.internal.Invoker.invokeTestMethods(Invoker.java:1201)
	at org.testng.internal.TestMethodWorker.invokeTestMethods(TestMethodWorker.java:125)
	at org.testng.internal.TestMethodWorker.run(TestMethodWorker.java:109)
	at org.testng.TestRunner.privateRun(TestRunner.java:776)
	at org.testng.TestRunner.run(TestRunner.java:634)
	at org.testng.SuiteRunner.runTest(SuiteRunner.java:425)
	at org.testng.SuiteRunner.runSequentially(SuiteRunner.java:420)
	at org.testng.SuiteRunner.privateRun(SuiteRunner.java:385)
	at org.testng.SuiteRunner.run(SuiteRunner.java:334)
	at org.testng.SuiteRunnerWorker.runSuite(SuiteRunnerWorker.java:52)
	at org.testng.SuiteRunnerWorker.run(SuiteRunnerWorker.java:86)
	at org.testng.TestNG.runSuitesSequentially(TestNG.java:1318)
	at org.testng.TestNG.runSuitesLocally(TestNG.java:1243)
	at org.testng.TestNG.runSuites(TestNG.java:1161)
	at org.testng.TestNG.run(TestNG.java:1129)
	at org.testng.remote.AbstractRemoteTestNG.run(AbstractRemoteTestNG.java:114)
	at org.testng.remote.RemoteTestNG.initAndRun(RemoteTestNG.java:251)
	at org.testng.remote.RemoteTestNG.main(RemoteTestNG.java:77)
</pre></div><a href='#' onClick='toggleBox("stack-trace828441346", this, "Click to show all stack frames", "Click to hide stack frames")'>Click to show all stack frames</a>
<div class='stack-trace' id='stack-trace828441346'><pre>java.lang.AssertionError: Incorrect input!
	at task.Laba1.while16(Laba1.java:107)
	at testTask.Laba1Test.IncorrectInputTest(Laba1Test.java:129)
	at sun.reflect.NativeMethodAccessorImpl.invoke0(Native Method)
	at sun.reflect.NativeMethodAccessorImpl.invoke(Unknown Source)
	at sun.reflect.DelegatingMethodAccessorImpl.invoke(Unknown Source)
	at java.lang.reflect.Method.invoke(Unknown Source)
	at org.testng.internal.MethodInvocationHelper.invokeMethod(MethodInvocationHelper.java:108)
	at org.testng.internal.Invoker.invokeMethod(Invoker.java:669)
	at org.testng.internal.Invoker.invokeTestMethod(Invoker.java:877)
	at org.testng.internal.Invoker.invokeTestMethods(Invoker.java:1201)
	at org.testng.internal.TestMethodWorker.invokeTestMethods(TestMethodWorker.java:125)
	at org.testng.internal.TestMethodWorker.run(TestMethodWorker.java:109)
	at org.testng.TestRunner.privateRun(TestRunner.java:776)
	at org.testng.TestRunner.run(TestRunner.java:634)
	at org.testng.SuiteRunner.runTest(SuiteRunner.java:425)
	at org.testng.SuiteRunner.runSequentially(SuiteRunner.java:420)
	at org.testng.SuiteRunner.privateRun(SuiteRunner.java:385)
	at org.testng.SuiteRunner.run(SuiteRunner.java:334)
	at org.testng.SuiteRunnerWorker.runSuite(SuiteRunnerWorker.java:52)
	at org.testng.SuiteRunnerWorker.run(SuiteRunnerWorker.java:86)
	at org.testng.TestNG.runSuitesSequentially(TestNG.java:1318)
	at org.testng.TestNG.runSuitesLocally(TestNG.java:1243)
	at org.testng.TestNG.runSuites(TestNG.java:1161)
	at org.testng.TestNG.run(TestNG.java:1129)
	at org.testng.remote.AbstractRemoteTestNG.run(AbstractRemoteTestNG.java:114)
	at org.testng.remote.RemoteTestNG.initAndRun(RemoteTestNG.java:251)
	at org.testng.remote.RemoteTestNG.main(RemoteTestNG.java:77)
</pre></div></td>
<td>0</td>
<td>testTask.Laba1Test@1810399e</td></tr>
<tr>
<td title='testTask.Laba1Test.IncorrectInputTest()'><b>IncorrectInputTest</b><br>Test class: testTask.Laba1Test<br>Parameters: 70</td>
<td><div><pre>java.lang.AssertionError: Incorrect input!
	at task.Laba1.while16(Laba1.java:107)
	at testTask.Laba1Test.IncorrectInputTest(Laba1Test.java:129)
	at sun.reflect.NativeMethodAccessorImpl.invoke0(Native Method)
	at sun.reflect.NativeMethodAccessorImpl.invoke(Unknown Source)
	at sun.reflect.DelegatingMethodAccessorImpl.invoke(Unknown Source)
	at java.lang.reflect.Method.invoke(Unknown Source)
	at org.testng.internal.MethodInvocationHelper.invokeMethod(MethodInvocationHelper.java:108)
	at org.testng.internal.Invoker.invokeMethod(Invoker.java:669)
	at org.testng.internal.Invoker.invokeTestMethod(Invoker.java:877)
	at org.testng.internal.Invoker.invokeTestMethods(Invoker.java:1201)
	at org.testng.internal.TestMethodWorker.invokeTestMethods(TestMethodWorker.java:125)
	at org.testng.internal.TestMethodWorker.run(TestMethodWorker.java:109)
	at org.testng.TestRunner.privateRun(TestRunner.java:776)
	at org.testng.TestRunner.run(TestRunner.java:634)
	at org.testng.SuiteRunner.runTest(SuiteRunner.java:425)
	at org.testng.SuiteRunner.runSequentially(SuiteRunner.java:420)
	at org.testng.SuiteRunner.privateRun(SuiteRunner.java:385)
	at org.testng.SuiteRunner.run(SuiteRunner.java:334)
	at org.testng.SuiteRunnerWorker.runSuite(SuiteRunnerWorker.java:52)
	at org.testng.SuiteRunnerWorker.run(SuiteRunnerWorker.java:86)
	at org.testng.TestNG.runSuitesSequentially(TestNG.java:1318)
	at org.testng.TestNG.runSuitesLocally(TestNG.java:1243)
	at org.testng.TestNG.runSuites(TestNG.java:1161)
	at org.testng.TestNG.run(TestNG.java:1129)
	at org.testng.remote.AbstractRemoteTestNG.run(AbstractRemoteTestNG.java:114)
	at org.testng.remote.RemoteTestNG.initAndRun(RemoteTestNG.java:251)
	at org.testng.remote.RemoteTestNG.main(RemoteTestNG.java:77)
</pre></div><a href='#' onClick='toggleBox("stack-trace555826066", this, "Click to show all stack frames", "Click to hide stack frames")'>Click to show all stack frames</a>
<div class='stack-trace' id='stack-trace555826066'><pre>java.lang.AssertionError: Incorrect input!
	at task.Laba1.while16(Laba1.java:107)
	at testTask.Laba1Test.IncorrectInputTest(Laba1Test.java:129)
	at sun.reflect.NativeMethodAccessorImpl.invoke0(Native Method)
	at sun.reflect.NativeMethodAccessorImpl.invoke(Unknown Source)
	at sun.reflect.DelegatingMethodAccessorImpl.invoke(Unknown Source)
	at java.lang.reflect.Method.invoke(Unknown Source)
	at org.testng.internal.MethodInvocationHelper.invokeMethod(MethodInvocationHelper.java:108)
	at org.testng.internal.Invoker.invokeMethod(Invoker.java:669)
	at org.testng.internal.Invoker.invokeTestMethod(Invoker.java:877)
	at org.testng.internal.Invoker.invokeTestMethods(Invoker.java:1201)
	at org.testng.internal.TestMethodWorker.invokeTestMethods(TestMethodWorker.java:125)
	at org.testng.internal.TestMethodWorker.run(TestMethodWorker.java:109)
	at org.testng.TestRunner.privateRun(TestRunner.java:776)
	at org.testng.TestRunner.run(TestRunner.java:634)
	at org.testng.SuiteRunner.runTest(SuiteRunner.java:425)
	at org.testng.SuiteRunner.runSequentially(SuiteRunner.java:420)
	at org.testng.SuiteRunner.privateRun(SuiteRunner.java:385)
	at org.testng.SuiteRunner.run(SuiteRunner.java:334)
	at org.testng.SuiteRunnerWorker.runSuite(SuiteRunnerWorker.java:52)
	at org.testng.SuiteRunnerWorker.run(SuiteRunnerWorker.java:86)
	at org.testng.TestNG.runSuitesSequentially(TestNG.java:1318)
	at org.testng.TestNG.runSuitesLocally(TestNG.java:1243)
	at org.testng.TestNG.runSuites(TestNG.java:1161)
	at org.testng.TestNG.run(TestNG.java:1129)
	at org.testng.remote.AbstractRemoteTestNG.run(AbstractRemoteTestNG.java:114)
	at org.testng.remote.RemoteTestNG.initAndRun(RemoteTestNG.java:251)
	at org.testng.remote.RemoteTestNG.main(RemoteTestNG.java:77)
</pre></div></td>
<td>0</td>
<td>testTask.Laba1Test@1810399e</td></tr>
<tr>
<td title='testTask.Laba1Test.IncorrectInputTest()'><b>IncorrectInputTest</b><br>Test class: testTask.Laba1Test<br>Parameters: 95</td>
<td><div><pre>java.lang.AssertionError: Incorrect input!
	at task.Laba1.while16(Laba1.java:107)
	at testTask.Laba1Test.IncorrectInputTest(Laba1Test.java:129)
	at sun.reflect.NativeMethodAccessorImpl.invoke0(Native Method)
	at sun.reflect.NativeMethodAccessorImpl.invoke(Unknown Source)
	at sun.reflect.DelegatingMethodAccessorImpl.invoke(Unknown Source)
	at java.lang.reflect.Method.invoke(Unknown Source)
	at org.testng.internal.MethodInvocationHelper.invokeMethod(MethodInvocationHelper.java:108)
	at org.testng.internal.Invoker.invokeMethod(Invoker.java:669)
	at org.testng.internal.Invoker.invokeTestMethod(Invoker.java:877)
	at org.testng.internal.Invoker.invokeTestMethods(Invoker.java:1201)
	at org.testng.internal.TestMethodWorker.invokeTestMethods(TestMethodWorker.java:125)
	at org.testng.internal.TestMethodWorker.run(TestMethodWorker.java:109)
	at org.testng.TestRunner.privateRun(TestRunner.java:776)
	at org.testng.TestRunner.run(TestRunner.java:634)
	at org.testng.SuiteRunner.runTest(SuiteRunner.java:425)
	at org.testng.SuiteRunner.runSequentially(SuiteRunner.java:420)
	at org.testng.SuiteRunner.privateRun(SuiteRunner.java:385)
	at org.testng.SuiteRunner.run(SuiteRunner.java:334)
	at org.testng.SuiteRunnerWorker.runSuite(SuiteRunnerWorker.java:52)
	at org.testng.SuiteRunnerWorker.run(SuiteRunnerWorker.java:86)
	at org.testng.TestNG.runSuitesSequentially(TestNG.java:1318)
	at org.testng.TestNG.runSuitesLocally(TestNG.java:1243)
	at org.testng.TestNG.runSuites(TestNG.java:1161)
	at org.testng.TestNG.run(TestNG.java:1129)
	at org.testng.remote.AbstractRemoteTestNG.run(AbstractRemoteTestNG.java:114)
	at org.testng.remote.RemoteTestNG.initAndRun(RemoteTestNG.java:251)
	at org.testng.remote.RemoteTestNG.main(RemoteTestNG.java:77)
</pre></div><a href='#' onClick='toggleBox("stack-trace858242339", this, "Click to show all stack frames", "Click to hide stack frames")'>Click to show all stack frames</a>
<div class='stack-trace' id='stack-trace858242339'><pre>java.lang.AssertionError: Incorrect input!
	at task.Laba1.while16(Laba1.java:107)
	at testTask.Laba1Test.IncorrectInputTest(Laba1Test.java:129)
	at sun.reflect.NativeMethodAccessorImpl.invoke0(Native Method)
	at sun.reflect.NativeMethodAccessorImpl.invoke(Unknown Source)
	at sun.reflect.DelegatingMethodAccessorImpl.invoke(Unknown Source)
	at java.lang.reflect.Method.invoke(Unknown Source)
	at org.testng.internal.MethodInvocationHelper.invokeMethod(MethodInvocationHelper.java:108)
	at org.testng.internal.Invoker.invokeMethod(Invoker.java:669)
	at org.testng.internal.Invoker.invokeTestMethod(Invoker.java:877)
	at org.testng.internal.Invoker.invokeTestMethods(Invoker.java:1201)
	at org.testng.internal.TestMethodWorker.invokeTestMethods(TestMethodWorker.java:125)
	at org.testng.internal.TestMethodWorker.run(TestMethodWorker.java:109)
	at org.testng.TestRunner.privateRun(TestRunner.java:776)
	at org.testng.TestRunner.run(TestRunner.java:634)
	at org.testng.SuiteRunner.runTest(SuiteRunner.java:425)
	at org.testng.SuiteRunner.runSequentially(SuiteRunner.java:420)
	at org.testng.SuiteRunner.privateRun(SuiteRunner.java:385)
	at org.testng.SuiteRunner.run(SuiteRunner.java:334)
	at org.testng.SuiteRunnerWorker.runSuite(SuiteRunnerWorker.java:52)
	at org.testng.SuiteRunnerWorker.run(SuiteRunnerWorker.java:86)
	at org.testng.TestNG.runSuitesSequentially(TestNG.java:1318)
	at org.testng.TestNG.runSuitesLocally(TestNG.java:1243)
	at org.testng.TestNG.runSuites(TestNG.java:1161)
	at org.testng.TestNG.run(TestNG.java:1129)
	at org.testng.remote.AbstractRemoteTestNG.run(AbstractRemoteTestNG.java:114)
	at org.testng.remote.RemoteTestNG.initAndRun(RemoteTestNG.java:251)
	at org.testng.remote.RemoteTestNG.main(RemoteTestNG.java:77)
</pre></div></td>
<td>0</td>
<td>testTask.Laba1Test@1810399e</td></tr>
<tr>
<td title='testTask.Laba1Test.testarray33()'><b>testarray33</b><br>Test class: testTask.Laba1Test<br>Parameters: [I@3b0143d3, 8, 7</td>
<td></td>
<td>0</td>
<td>testTask.Laba1Test@1810399e</td></tr>
<tr>
<td title='testTask.Laba1Test.testarray33()'><b>testarray33</b><br>Test class: testTask.Laba1Test<br>Parameters: [I@5a8e6209, 10, 9</td>
<td></td>
<td>0</td>
<td>testTask.Laba1Test@1810399e</td></tr>
<tr>
<td title='testTask.Laba1Test.testbegin16()'><b>testbegin16</b><br>Test class: testTask.Laba1Test<br>Parameters: 2, 2</td>
<td></td>
<td>0</td>
<td>testTask.Laba1Test@1810399e</td></tr>
<tr>
<td title='testTask.Laba1Test.testbegin16()'><b>testbegin16</b><br>Test class: testTask.Laba1Test<br>Parameters: 3, 3</td>
<td></td>
<td>0</td>
<td>testTask.Laba1Test@1810399e</td></tr>
<tr>
<td title='testTask.Laba1Test.testbegin16()'><b>testbegin16</b><br>Test class: testTask.Laba1Test<br>Parameters: 5, 5</td>
<td></td>
<td>0</td>
<td>testTask.Laba1Test@1810399e</td></tr>
<tr>
<td title='testTask.Laba1Test.testboolean16()'><b>testboolean16</b><br>Test class: testTask.Laba1Test<br>Parameters: 22, true</td>
<td></td>
<td>0</td>
<td>testTask.Laba1Test@1810399e</td></tr>
<tr>
<td title='testTask.Laba1Test.testboolean16()'><b>testboolean16</b><br>Test class: testTask.Laba1Test<br>Parameters: 33, false</td>
<td></td>
<td>0</td>
<td>testTask.Laba1Test@1810399e</td></tr>
<tr>
<td title='testTask.Laba1Test.testboolean16()'><b>testboolean16</b><br>Test class: testTask.Laba1Test<br>Parameters: 87, false</td>
<td></td>
<td>0</td>
<td>testTask.Laba1Test@1810399e</td></tr>
<tr>
<td title='testTask.Laba1Test.testboolean16()'><b>testboolean16</b><br>Test class: testTask.Laba1Test<br>Parameters: 88, true</td>
<td></td>
<td>0</td>
<td>testTask.Laba1Test@1810399e</td></tr>
<tr>
<td title='testTask.Laba1Test.testcase16()'><b>testcase16</b><br>Test class: testTask.Laba1Test<br>Parameters: 45, сорок п'€ть рок≥в</td>
<td></td>
<td>0</td>
<td>testTask.Laba1Test@1810399e</td></tr>
<tr>
<td title='testTask.Laba1Test.testcase16()'><b>testcase16</b><br>Test class: testTask.Laba1Test<br>Parameters: 32, тридц€ть два роки</td>
<td></td>
<td>0</td>
<td>testTask.Laba1Test@1810399e</td></tr>
<tr>
<td title='testTask.Laba1Test.testcase16()'><b>testcase16</b><br>Test class: testTask.Laba1Test<br>Parameters: 21, двадц€ть один р≥к</td>
<td></td>
<td>0</td>
<td>testTask.Laba1Test@1810399e</td></tr>
<tr>
<td title='testTask.Laba1Test.testfor16()'><b>testfor16</b><br>Test class: testTask.Laba1Test<br>Parameters: 1, 3, [D@4b4523f8</td>
<td></td>
<td>0</td>
<td>testTask.Laba1Test@1810399e</td></tr>
<tr>
<td title='testTask.Laba1Test.testfor16()'><b>testfor16</b><br>Test class: testTask.Laba1Test<br>Parameters: 3, 4, [D@731a74c</td>
<td></td>
<td>0</td>
<td>testTask.Laba1Test@1810399e</td></tr>
<tr>
<td title='testTask.Laba1Test.testif16()'><b>testif16</b><br>Test class: testTask.Laba1Test<br>Parameters: 1, 2, 3, 2, 4, 6</td>
<td></td>
<td>0</td>
<td>testTask.Laba1Test@1810399e</td></tr>
<tr>
<td title='testTask.Laba1Test.testif16()'><b>testif16</b><br>Test class: testTask.Laba1Test<br>Parameters: 1, 0.5, -3.2, -1, -0.5, 3.2</td>
<td></td>
<td>0</td>
<td>testTask.Laba1Test@1810399e</td></tr>
<tr>
<td title='testTask.Laba1Test.testif16()'><b>testif16</b><br>Test class: testTask.Laba1Test<br>Parameters: 0.3, 1.5, 2.1, 0.6, 3.0, 4.2</td>
<td></td>
<td>0</td>
<td>testTask.Laba1Test@1810399e</td></tr>
<tr>
<td title='testTask.Laba1Test.testinteger16()'><b>testinteger16</b><br>Test class: testTask.Laba1Test<br>Parameters: 123, 132</td>
<td></td>
<td>0</td>
<td>testTask.Laba1Test@1810399e</td></tr>
<tr>
<td title='testTask.Laba1Test.testinteger16()'><b>testinteger16</b><br>Test class: testTask.Laba1Test<br>Parameters: 125, 152</td>
<td></td>
<td>0</td>
<td>testTask.Laba1Test@1810399e</td></tr>
<tr>
<td title='testTask.Laba1Test.testinteger16()'><b>testinteger16</b><br>Test class: testTask.Laba1Test<br>Parameters: 251, 215</td>
<td></td>
<td>0</td>
<td>testTask.Laba1Test@1810399e</td></tr>
<tr>
<td title='testTask.Laba1Test.testmatrix62()'><b>testmatrix62</b><br>Test class: testTask.Laba1Test<br>Parameters: [[I@369f73a2, 3, 3, 2, [[I@1f28c152</td>
<td></td>
<td>0</td>
<td>testTask.Laba1Test@1810399e</td></tr>
<tr>
<td title='testTask.Laba1Test.testmatrix62()'><b>testmatrix62</b><br>Test class: testTask.Laba1Test<br>Parameters: [[I@7d907bac, 3, 4, 1, [[I@7791a895</td>
<td></td>
<td>0</td>
<td>testTask.Laba1Test@1810399e</td></tr>
<tr>
<td title='testTask.Laba1Test.testmatrix62()'><b>testmatrix62</b><br>Test class: testTask.Laba1Test<br>Parameters: [[I@3a5ed7a6, 3, 2, 2, [[I@6325a3ee</td>
<td></td>
<td>0</td>
<td>testTask.Laba1Test@1810399e</td></tr>
<tr>
<td title='testTask.Laba1Test.testwhile16()'><b>testwhile16</b><br>Test class: testTask.Laba1Test<br>Parameters: 30, 8, 238.576907</td>
<td></td>
<td>0</td>
<td>testTask.Laba1Test@1810399e</td></tr>
<tr>
<td title='testTask.Laba1Test.testwhile16()'><b>testwhile16</b><br>Test class: testTask.Laba1Test<br>Parameters: 20, 9, 207.9890176</td>
<td></td>
<td>0</td>
<td>testTask.Laba1Test@1810399e</td></tr>
</table><p>
</body>
</html>